  main.cpp
main.cpp(142): warning C4244: '引數': 將 'double' 轉換為 'float'，由於類型不同，可能導致資料遺失
main.cpp(155): warning C4244: '引數': 將 'double' 轉換為 'float'，由於類型不同，可能導致資料遺失
main.cpp(248): warning C4305: '=': 從 'double' 轉換為 'GLfloat'，是由較大的類型轉換為較小的類型，可能導致資料遺失
main.cpp(249): warning C4305: '=': 從 'double' 轉換為 'GLfloat'，是由較大的類型轉換為較小的類型，可能導致資料遺失
main.cpp(251): warning C4018: '<': signed/unsigned 不相符
main.cpp(267): warning C4244: '=': 將 'double' 轉換為 'GLfloat'，由於類型不同，可能導致資料遺失
main.cpp(271): warning C4018: '<': signed/unsigned 不相符
main.cpp(273): warning C4244: '=': 將 'double' 轉換為 'GLfloat'，由於類型不同，可能導致資料遺失
main.cpp(274): warning C4244: '=': 將 'double' 轉換為 'GLfloat'，由於類型不同，可能導致資料遺失
main.cpp(275): warning C4244: '=': 將 'double' 轉換為 'GLfloat'，由於類型不同，可能導致資料遺失
main.cpp(362): warning C4305: '=': 從 'double' 轉換為 'GLfloat'，是由較大的類型轉換為較小的類型，可能導致資料遺失
main.cpp(363): warning C4305: '=': 從 'double' 轉換為 'GLfloat'，是由較大的類型轉換為較小的類型，可能導致資料遺失
main.cpp(365): warning C4018: '<': signed/unsigned 不相符
main.cpp(381): warning C4244: '=': 將 'double' 轉換為 'GLfloat'，由於類型不同，可能導致資料遺失
main.cpp(678): warning C4305: '引數': 從 'double' 轉換為 'float'，是由較大的類型轉換為較小的類型，可能導致資料遺失
main.cpp(687): warning C4244: '引數': 將 'double' 轉換為 'float'，由於類型不同，可能導致資料遺失
main.cpp(696): warning C4305: '引數': 從 'double' 轉換為 'float'，是由較大的類型轉換為較小的類型，可能導致資料遺失
main.cpp(700): warning C4305: '引數': 從 'double' 轉換為 'float'，是由較大的類型轉換為較小的類型，可能導致資料遺失
main.cpp(705): warning C4305: '引數': 從 'double' 轉換為 'float'，是由較大的類型轉換為較小的類型，可能導致資料遺失
main.cpp(720): warning C4305: '引數': 從 'double' 轉換為 'float'，是由較大的類型轉換為較小的類型，可能導致資料遺失
main.cpp(729): warning C4244: '引數': 將 'double' 轉換為 'float'，由於類型不同，可能導致資料遺失
main.cpp(738): warning C4305: '引數': 從 'double' 轉換為 'float'，是由較大的類型轉換為較小的類型，可能導致資料遺失
main.cpp(741): warning C4305: '引數': 從 'double' 轉換為 'float'，是由較大的類型轉換為較小的類型，可能導致資料遺失
main.cpp(747): warning C4305: '引數': 從 'double' 轉換為 'float'，是由較大的類型轉換為較小的類型，可能導致資料遺失
main.cpp(955): warning C4018: '<': signed/unsigned 不相符
main.cpp(1008): warning C4018: '<': signed/unsigned 不相符
  正在產生程式碼
  0 of 293 functions ( 0.0%) were compiled, the rest were copied from previous compilation.
    0 functions were new in current compilation
    17 functions had inline decision re-evaluated but remain unchanged
  已完成程式碼產生
  CG_HW1.vcxproj -> C:\Users\joechou\Documents\GitHub\Computer_Graphic\103011227_HW1\DEMO\103011227_HW_1\CG_HW1\Release\CG_HW1.exe
