  main.cpp
main.cpp(179): warning C4244: '=': 將 'double' 轉換為 'float'，由於類型不同，可能導致資料遺失
main.cpp(231): warning C4018: '<': signed/unsigned 不相符
main.cpp(238): warning C4838: 從 'GLuint' 到 'int' 的轉換必須是縮小轉換
main.cpp(243): warning C4838: 從 'GLuint' 到 'int' 的轉換必須是縮小轉換
main.cpp(592): warning C4305: '*=': 從 'double' 轉換為 'float'，是由較大的類型轉換為較小的類型，可能導致資料遺失
main.cpp(603): warning C4305: '*=': 從 'double' 轉換為 'float'，是由較大的類型轉換為較小的類型，可能導致資料遺失
main.cpp(610): warning C4305: '-=': 從 'double' 轉換為 'float'，是由較大的類型轉換為較小的類型，可能導致資料遺失
main.cpp(618): warning C4305: '+=': 從 'double' 轉換為 'float'，是由較大的類型轉換為較小的類型，可能導致資料遺失
main.cpp(777): warning C4305: '=': 從 'double' 轉換為 'float'，是由較大的類型轉換為較小的類型，可能導致資料遺失
main.cpp(778): warning C4305: '=': 從 'double' 轉換為 'float'，是由較大的類型轉換為較小的類型，可能導致資料遺失
main.cpp(787): warning C4305: '=': 從 'double' 轉換為 'float'，是由較大的類型轉換為較小的類型，可能導致資料遺失
main.cpp(789): warning C4305: '=': 從 'double' 轉換為 'float'，是由較大的類型轉換為較小的類型，可能導致資料遺失
main.cpp(810): warning C4018: '<': signed/unsigned 不相符
main.cpp(862): warning C4018: '<': signed/unsigned 不相符
  正在產生程式碼
  1 of 293 functions ( 0.3%) were compiled, the rest were copied from previous compilation.
    0 functions were new in current compilation
    1 functions had inline decision re-evaluated but remain unchanged
  已完成程式碼產生
  CG_HW1.vcxproj -> C:\Users\joechou\Downloads\StudentID_HW_x\CG_HW1\Release\CG_HW1.exe
