  main.cpp
main.cpp(135): warning C4244: '引數': 將 'double' 轉換為 'float'，由於類型不同，可能導致資料遺失
main.cpp(148): warning C4244: '引數': 將 'double' 轉換為 'float'，由於類型不同，可能導致資料遺失
main.cpp(238): warning C4305: '=': 從 'double' 轉換為 'GLfloat'，是由較大的類型轉換為較小的類型，可能導致資料遺失
main.cpp(239): warning C4305: '=': 從 'double' 轉換為 'GLfloat'，是由較大的類型轉換為較小的類型，可能導致資料遺失
main.cpp(241): warning C4018: '<': signed/unsigned 不相符
main.cpp(257): warning C4244: '=': 將 'double' 轉換為 'GLfloat'，由於類型不同，可能導致資料遺失
main.cpp(261): warning C4018: '<': signed/unsigned 不相符
main.cpp(263): warning C4244: '=': 將 'double' 轉換為 'GLfloat'，由於類型不同，可能導致資料遺失
main.cpp(264): warning C4244: '=': 將 'double' 轉換為 'GLfloat'，由於類型不同，可能導致資料遺失
main.cpp(265): warning C4244: '=': 將 'double' 轉換為 'GLfloat'，由於類型不同，可能導致資料遺失
main.cpp(499): warning C4305: '引數': 從 'double' 轉換為 'float'，是由較大的類型轉換為較小的類型，可能導致資料遺失
main.cpp(508): warning C4244: '引數': 將 'double' 轉換為 'float'，由於類型不同，可能導致資料遺失
main.cpp(517): warning C4305: '引數': 從 'double' 轉換為 'float'，是由較大的類型轉換為較小的類型，可能導致資料遺失
main.cpp(521): warning C4305: '引數': 從 'double' 轉換為 'float'，是由較大的類型轉換為較小的類型，可能導致資料遺失
main.cpp(526): warning C4305: '引數': 從 'double' 轉換為 'float'，是由較大的類型轉換為較小的類型，可能導致資料遺失
main.cpp(541): warning C4305: '引數': 從 'double' 轉換為 'float'，是由較大的類型轉換為較小的類型，可能導致資料遺失
main.cpp(550): warning C4244: '引數': 將 'double' 轉換為 'float'，由於類型不同，可能導致資料遺失
main.cpp(559): warning C4305: '引數': 從 'double' 轉換為 'float'，是由較大的類型轉換為較小的類型，可能導致資料遺失
main.cpp(562): warning C4305: '引數': 從 'double' 轉換為 'float'，是由較大的類型轉換為較小的類型，可能導致資料遺失
main.cpp(568): warning C4305: '引數': 從 'double' 轉換為 'float'，是由較大的類型轉換為較小的類型，可能導致資料遺失
main.cpp(776): warning C4018: '<': signed/unsigned 不相符
main.cpp(825): warning C4018: '<': signed/unsigned 不相符
  正在產生程式碼
  2 of 284 functions ( 0.7%) were compiled, the rest were copied from previous compilation.
    0 functions were new in current compilation
    1 functions had inline decision re-evaluated but remain unchanged
  已完成程式碼產生
  CG_HW1.vcxproj -> C:\Users\joechou\Documents\GitHub\Computer_Graphic\HW1\DEMO\103011227_HW_1\CG_HW1\Release\CG_HW1.exe
