  main.cpp
main.cpp(118): warning C4996: 'fopen': This function or variable may be unsafe. Consider using fopen_s instead. To disable deprecation, use _CRT_SECURE_NO_WARNINGS. See online help for details.
  C:\Program Files (x86)\Windows Kits\10\Include\10.0.14393.0\ucrt\stdio.h(207): note: 請參閱 'fopen' 的宣告
main.cpp(219): warning C4244: '=': 將 'double' 轉換為 'float'，由於類型不同，可能導致資料遺失
main.cpp(289): warning C4018: '<': signed/unsigned 不相符
main.cpp(296): warning C4838: 從 'GLuint' 到 'int' 的轉換必須是縮小轉換
main.cpp(301): warning C4838: 從 'GLuint' 到 'int' 的轉換必須是縮小轉換
main.cpp(269): warning C4996: 'fopen': This function or variable may be unsafe. Consider using fopen_s instead. To disable deprecation, use _CRT_SECURE_NO_WARNINGS. See online help for details.
  C:\Program Files (x86)\Windows Kits\10\Include\10.0.14393.0\ucrt\stdio.h(207): note: 請參閱 'fopen' 的宣告
main.cpp(583): warning C4244: 'return': 將 'double' 轉換為 'float'，由於類型不同，可能導致資料遺失
main.cpp(588): warning C4244: 'return': 將 'double' 轉換為 'float'，由於類型不同，可能導致資料遺失
main.cpp(783): warning C4018: '<': signed/unsigned 不相符
main.cpp(835): warning C4018: '<': signed/unsigned 不相符
  正在產生程式碼
  1 of 320 functions ( 0.3%) were compiled, the rest were copied from previous compilation.
    0 functions were new in current compilation
    1 functions had inline decision re-evaluated but remain unchanged
  已完成程式碼產生
  CG_HW1.vcxproj -> F:\CGHW3\StudentID_HW_x\CG_HW1\Release\CG_HW1.exe
  CG_HW1.vcxproj -> F:\CGHW3\StudentID_HW_x\CG_HW1\Release\CG_HW1.pdb (Full PDB)
