  main.cpp
c:\users\joechou\documents\github\computer_graphic\hw1\demo\103011227_hw_1\cg_hw1\cg_hw1\main.cpp(142): warning C4244: '引數': 將 'double' 轉換為 'float'，由於類型不同，可能導致資料遺失
c:\users\joechou\documents\github\computer_graphic\hw1\demo\103011227_hw_1\cg_hw1\cg_hw1\main.cpp(155): warning C4244: '引數': 將 'double' 轉換為 'float'，由於類型不同，可能導致資料遺失
c:\users\joechou\documents\github\computer_graphic\hw1\demo\103011227_hw_1\cg_hw1\cg_hw1\main.cpp(248): warning C4305: '=': 從 'double' 轉換為 'GLfloat'，是由較大的類型轉換為較小的類型，可能導致資料遺失
c:\users\joechou\documents\github\computer_graphic\hw1\demo\103011227_hw_1\cg_hw1\cg_hw1\main.cpp(249): warning C4305: '=': 從 'double' 轉換為 'GLfloat'，是由較大的類型轉換為較小的類型，可能導致資料遺失
c:\users\joechou\documents\github\computer_graphic\hw1\demo\103011227_hw_1\cg_hw1\cg_hw1\main.cpp(251): warning C4018: '<': signed/unsigned 不相符
c:\users\joechou\documents\github\computer_graphic\hw1\demo\103011227_hw_1\cg_hw1\cg_hw1\main.cpp(267): warning C4244: '=': 將 'double' 轉換為 'GLfloat'，由於類型不同，可能導致資料遺失
c:\users\joechou\documents\github\computer_graphic\hw1\demo\103011227_hw_1\cg_hw1\cg_hw1\main.cpp(271): warning C4018: '<': signed/unsigned 不相符
c:\users\joechou\documents\github\computer_graphic\hw1\demo\103011227_hw_1\cg_hw1\cg_hw1\main.cpp(273): warning C4244: '=': 將 'double' 轉換為 'GLfloat'，由於類型不同，可能導致資料遺失
c:\users\joechou\documents\github\computer_graphic\hw1\demo\103011227_hw_1\cg_hw1\cg_hw1\main.cpp(274): warning C4244: '=': 將 'double' 轉換為 'GLfloat'，由於類型不同，可能導致資料遺失
c:\users\joechou\documents\github\computer_graphic\hw1\demo\103011227_hw_1\cg_hw1\cg_hw1\main.cpp(275): warning C4244: '=': 將 'double' 轉換為 'GLfloat'，由於類型不同，可能導致資料遺失
c:\users\joechou\documents\github\computer_graphic\hw1\demo\103011227_hw_1\cg_hw1\cg_hw1\main.cpp(362): warning C4305: '=': 從 'double' 轉換為 'GLfloat'，是由較大的類型轉換為較小的類型，可能導致資料遺失
c:\users\joechou\documents\github\computer_graphic\hw1\demo\103011227_hw_1\cg_hw1\cg_hw1\main.cpp(363): warning C4305: '=': 從 'double' 轉換為 'GLfloat'，是由較大的類型轉換為較小的類型，可能導致資料遺失
c:\users\joechou\documents\github\computer_graphic\hw1\demo\103011227_hw_1\cg_hw1\cg_hw1\main.cpp(365): warning C4018: '<': signed/unsigned 不相符
c:\users\joechou\documents\github\computer_graphic\hw1\demo\103011227_hw_1\cg_hw1\cg_hw1\main.cpp(381): warning C4244: '=': 將 'double' 轉換為 'GLfloat'，由於類型不同，可能導致資料遺失
c:\users\joechou\documents\github\computer_graphic\hw1\demo\103011227_hw_1\cg_hw1\cg_hw1\main.cpp(655): warning C4305: '引數': 從 'double' 轉換為 'float'，是由較大的類型轉換為較小的類型，可能導致資料遺失
c:\users\joechou\documents\github\computer_graphic\hw1\demo\103011227_hw_1\cg_hw1\cg_hw1\main.cpp(664): warning C4244: '引數': 將 'double' 轉換為 'float'，由於類型不同，可能導致資料遺失
c:\users\joechou\documents\github\computer_graphic\hw1\demo\103011227_hw_1\cg_hw1\cg_hw1\main.cpp(673): warning C4305: '引數': 從 'double' 轉換為 'float'，是由較大的類型轉換為較小的類型，可能導致資料遺失
c:\users\joechou\documents\github\computer_graphic\hw1\demo\103011227_hw_1\cg_hw1\cg_hw1\main.cpp(677): warning C4305: '引數': 從 'double' 轉換為 'float'，是由較大的類型轉換為較小的類型，可能導致資料遺失
c:\users\joechou\documents\github\computer_graphic\hw1\demo\103011227_hw_1\cg_hw1\cg_hw1\main.cpp(682): warning C4305: '引數': 從 'double' 轉換為 'float'，是由較大的類型轉換為較小的類型，可能導致資料遺失
c:\users\joechou\documents\github\computer_graphic\hw1\demo\103011227_hw_1\cg_hw1\cg_hw1\main.cpp(697): warning C4305: '引數': 從 'double' 轉換為 'float'，是由較大的類型轉換為較小的類型，可能導致資料遺失
c:\users\joechou\documents\github\computer_graphic\hw1\demo\103011227_hw_1\cg_hw1\cg_hw1\main.cpp(706): warning C4244: '引數': 將 'double' 轉換為 'float'，由於類型不同，可能導致資料遺失
c:\users\joechou\documents\github\computer_graphic\hw1\demo\103011227_hw_1\cg_hw1\cg_hw1\main.cpp(715): warning C4305: '引數': 從 'double' 轉換為 'float'，是由較大的類型轉換為較小的類型，可能導致資料遺失
c:\users\joechou\documents\github\computer_graphic\hw1\demo\103011227_hw_1\cg_hw1\cg_hw1\main.cpp(718): warning C4305: '引數': 從 'double' 轉換為 'float'，是由較大的類型轉換為較小的類型，可能導致資料遺失
c:\users\joechou\documents\github\computer_graphic\hw1\demo\103011227_hw_1\cg_hw1\cg_hw1\main.cpp(724): warning C4305: '引數': 從 'double' 轉換為 'float'，是由較大的類型轉換為較小的類型，可能導致資料遺失
c:\users\joechou\documents\github\computer_graphic\hw1\demo\103011227_hw_1\cg_hw1\cg_hw1\main.cpp(932): warning C4018: '<': signed/unsigned 不相符
c:\users\joechou\documents\github\computer_graphic\hw1\demo\103011227_hw_1\cg_hw1\cg_hw1\main.cpp(985): warning C4018: '<': signed/unsigned 不相符
  CG_HW1.vcxproj -> C:\Users\joechou\Documents\GitHub\Computer_Graphic\HW1\DEMO\103011227_HW_1\CG_HW1\Debug\CG_HW1.exe
