  glm.c
c:\users\joe04_jmmq64o\documents\github\computer_graphic\cg_hw1\103011227_hw_1\cg_hw1\cg_hw1\glm.c(1450): warning C4477: 'fprintf' : 格式字串 '%d' 需要 'int' 類型的引數，但 variadic 引數 1 的類型為 'GLfloat *'
  Matrices.cpp
c:\users\joe04_jmmq64o\documents\github\computer_graphic\cg_hw1\103011227_hw_1\cg_hw1\cg_hw1\matrices.cpp(457): warning C4244: '引數': 將 'double' 轉換為 'float'，由於類型不同，可能導致資料遺失
c:\users\joe04_jmmq64o\documents\github\computer_graphic\cg_hw1\103011227_hw_1\cg_hw1\cg_hw1\matrices.cpp(458): warning C4244: '引數': 將 'double' 轉換為 'float'，由於類型不同，可能導致資料遺失
  main.cpp
c:\users\joe04_jmmq64o\documents\github\computer_graphic\cg_hw1\103011227_hw_1\cg_hw1\cg_hw1\main.cpp(227): warning C4244: '引數': 將 'double' 轉換為 'float'，由於類型不同，可能導致資料遺失
c:\users\joe04_jmmq64o\documents\github\computer_graphic\cg_hw1\103011227_hw_1\cg_hw1\cg_hw1\main.cpp(226): warning C4244: '引數': 將 'double' 轉換為 'float'，由於類型不同，可能導致資料遺失
c:\users\joe04_jmmq64o\documents\github\computer_graphic\cg_hw1\103011227_hw_1\cg_hw1\cg_hw1\main.cpp(225): warning C4244: '引數': 將 'double' 轉換為 'float'，由於類型不同，可能導致資料遺失
c:\users\joe04_jmmq64o\documents\github\computer_graphic\cg_hw1\103011227_hw_1\cg_hw1\cg_hw1\main.cpp(242): warning C4244: '引數': 將 'double' 轉換為 'float'，由於類型不同，可能導致資料遺失
c:\users\joe04_jmmq64o\documents\github\computer_graphic\cg_hw1\103011227_hw_1\cg_hw1\cg_hw1\main.cpp(241): warning C4244: '引數': 將 'double' 轉換為 'float'，由於類型不同，可能導致資料遺失
c:\users\joe04_jmmq64o\documents\github\computer_graphic\cg_hw1\103011227_hw_1\cg_hw1\cg_hw1\main.cpp(334): warning C4305: '=': 從 'double' 轉換為 'GLfloat'，是由較大的類型轉換為較小的類型，可能導致資料遺失
c:\users\joe04_jmmq64o\documents\github\computer_graphic\cg_hw1\103011227_hw_1\cg_hw1\cg_hw1\main.cpp(335): warning C4305: '=': 從 'double' 轉換為 'GLfloat'，是由較大的類型轉換為較小的類型，可能導致資料遺失
c:\users\joe04_jmmq64o\documents\github\computer_graphic\cg_hw1\103011227_hw_1\cg_hw1\cg_hw1\main.cpp(337): warning C4018: '<': signed/unsigned 不相符
c:\users\joe04_jmmq64o\documents\github\computer_graphic\cg_hw1\103011227_hw_1\cg_hw1\cg_hw1\main.cpp(362): warning C4018: '<': signed/unsigned 不相符
c:\users\joe04_jmmq64o\documents\github\computer_graphic\cg_hw1\103011227_hw_1\cg_hw1\cg_hw1\main.cpp(364): warning C4244: '=': 將 'double' 轉換為 'GLfloat'，由於類型不同，可能導致資料遺失
c:\users\joe04_jmmq64o\documents\github\computer_graphic\cg_hw1\103011227_hw_1\cg_hw1\cg_hw1\main.cpp(365): warning C4244: '=': 將 'double' 轉換為 'GLfloat'，由於類型不同，可能導致資料遺失
c:\users\joe04_jmmq64o\documents\github\computer_graphic\cg_hw1\103011227_hw_1\cg_hw1\cg_hw1\main.cpp(366): warning C4244: '=': 將 'double' 轉換為 'GLfloat'，由於類型不同，可能導致資料遺失
c:\users\joe04_jmmq64o\documents\github\computer_graphic\cg_hw1\103011227_hw_1\cg_hw1\cg_hw1\main.cpp(434): warning C4838: 從 'double' 到 'GLfloat' 的轉換必須是縮小轉換
c:\users\joe04_jmmq64o\documents\github\computer_graphic\cg_hw1\103011227_hw_1\cg_hw1\cg_hw1\main.cpp(434): warning C4305: '正在初始化': 從 'double' 轉換為 'GLfloat'，是由較大的類型轉換為較小的類型，可能導致資料遺失
c:\users\joe04_jmmq64o\documents\github\computer_graphic\cg_hw1\103011227_hw_1\cg_hw1\cg_hw1\main.cpp(553): warning C4305: '-=': 從 'double' 轉換為 'float'，是由較大的類型轉換為較小的類型，可能導致資料遺失
c:\users\joe04_jmmq64o\documents\github\computer_graphic\cg_hw1\103011227_hw_1\cg_hw1\cg_hw1\main.cpp(559): warning C4305: '+=': 從 'double' 轉換為 'float'，是由較大的類型轉換為較小的類型，可能導致資料遺失
c:\users\joe04_jmmq64o\documents\github\computer_graphic\cg_hw1\103011227_hw_1\cg_hw1\cg_hw1\main.cpp(565): warning C4305: '+=': 從 'double' 轉換為 'float'，是由較大的類型轉換為較小的類型，可能導致資料遺失
c:\users\joe04_jmmq64o\documents\github\computer_graphic\cg_hw1\103011227_hw_1\cg_hw1\cg_hw1\main.cpp(571): warning C4305: '+=': 從 'double' 轉換為 'float'，是由較大的類型轉換為較小的類型，可能導致資料遺失
c:\users\joe04_jmmq64o\documents\github\computer_graphic\cg_hw1\103011227_hw_1\cg_hw1\cg_hw1\main.cpp(575): warning C4305: '+=': 從 'double' 轉換為 'float'，是由較大的類型轉換為較小的類型，可能導致資料遺失
c:\users\joe04_jmmq64o\documents\github\computer_graphic\cg_hw1\103011227_hw_1\cg_hw1\cg_hw1\main.cpp(579): warning C4305: '+=': 從 'double' 轉換為 'float'，是由較大的類型轉換為較小的類型，可能導致資料遺失
c:\users\joe04_jmmq64o\documents\github\computer_graphic\cg_hw1\103011227_hw_1\cg_hw1\cg_hw1\main.cpp(589): warning C4305: '+=': 從 'double' 轉換為 'float'，是由較大的類型轉換為較小的類型，可能導致資料遺失
c:\users\joe04_jmmq64o\documents\github\computer_graphic\cg_hw1\103011227_hw_1\cg_hw1\cg_hw1\main.cpp(595): warning C4305: '-=': 從 'double' 轉換為 'float'，是由較大的類型轉換為較小的類型，可能導致資料遺失
c:\users\joe04_jmmq64o\documents\github\computer_graphic\cg_hw1\103011227_hw_1\cg_hw1\cg_hw1\main.cpp(601): warning C4305: '-=': 從 'double' 轉換為 'float'，是由較大的類型轉換為較小的類型，可能導致資料遺失
c:\users\joe04_jmmq64o\documents\github\computer_graphic\cg_hw1\103011227_hw_1\cg_hw1\cg_hw1\main.cpp(607): warning C4305: '-=': 從 'double' 轉換為 'float'，是由較大的類型轉換為較小的類型，可能導致資料遺失
c:\users\joe04_jmmq64o\documents\github\computer_graphic\cg_hw1\103011227_hw_1\cg_hw1\cg_hw1\main.cpp(611): warning C4305: '-=': 從 'double' 轉換為 'float'，是由較大的類型轉換為較小的類型，可能導致資料遺失
c:\users\joe04_jmmq64o\documents\github\computer_graphic\cg_hw1\103011227_hw_1\cg_hw1\cg_hw1\main.cpp(615): warning C4305: '-=': 從 'double' 轉換為 'float'，是由較大的類型轉換為較小的類型，可能導致資料遺失
c:\users\joe04_jmmq64o\documents\github\computer_graphic\cg_hw1\103011227_hw_1\cg_hw1\cg_hw1\main.cpp(644): warning C4244: '+=': 將 'double' 轉換為 'float'，由於類型不同，可能導致資料遺失
c:\users\joe04_jmmq64o\documents\github\computer_graphic\cg_hw1\103011227_hw_1\cg_hw1\cg_hw1\main.cpp(645): warning C4244: '+=': 將 'double' 轉換為 'float'，由於類型不同，可能導致資料遺失
c:\users\joe04_jmmq64o\documents\github\computer_graphic\cg_hw1\103011227_hw_1\cg_hw1\cg_hw1\main.cpp(651): warning C4244: '+=': 將 'double' 轉換為 'float'，由於類型不同，可能導致資料遺失
c:\users\joe04_jmmq64o\documents\github\computer_graphic\cg_hw1\103011227_hw_1\cg_hw1\cg_hw1\main.cpp(652): warning C4244: '+=': 將 'double' 轉換為 'float'，由於類型不同，可能導致資料遺失
c:\users\joe04_jmmq64o\documents\github\computer_graphic\cg_hw1\103011227_hw_1\cg_hw1\cg_hw1\main.cpp(658): warning C4244: '+=': 將 'double' 轉換為 'float'，由於類型不同，可能導致資料遺失
c:\users\joe04_jmmq64o\documents\github\computer_graphic\cg_hw1\103011227_hw_1\cg_hw1\cg_hw1\main.cpp(659): warning C4244: '+=': 將 'double' 轉換為 'float'，由於類型不同，可能導致資料遺失
c:\users\joe04_jmmq64o\documents\github\computer_graphic\cg_hw1\103011227_hw_1\cg_hw1\cg_hw1\main.cpp(665): warning C4244: '+=': 將 'double' 轉換為 'float'，由於類型不同，可能導致資料遺失
c:\users\joe04_jmmq64o\documents\github\computer_graphic\cg_hw1\103011227_hw_1\cg_hw1\cg_hw1\main.cpp(666): warning C4244: '-=': 將 'double' 轉換為 'float'，由於類型不同，可能導致資料遺失
c:\users\joe04_jmmq64o\documents\github\computer_graphic\cg_hw1\103011227_hw_1\cg_hw1\cg_hw1\main.cpp(670): warning C4244: '+=': 將 'double' 轉換為 'float'，由於類型不同，可能導致資料遺失
c:\users\joe04_jmmq64o\documents\github\computer_graphic\cg_hw1\103011227_hw_1\cg_hw1\cg_hw1\main.cpp(671): warning C4244: '+=': 將 'double' 轉換為 'float'，由於類型不同，可能導致資料遺失
c:\users\joe04_jmmq64o\documents\github\computer_graphic\cg_hw1\103011227_hw_1\cg_hw1\cg_hw1\main.cpp(675): warning C4244: '+=': 將 'double' 轉換為 'float'，由於類型不同，可能導致資料遺失
c:\users\joe04_jmmq64o\documents\github\computer_graphic\cg_hw1\103011227_hw_1\cg_hw1\cg_hw1\main.cpp(676): warning C4244: '+=': 將 'double' 轉換為 'float'，由於類型不同，可能導致資料遺失
c:\users\joe04_jmmq64o\documents\github\computer_graphic\cg_hw1\103011227_hw_1\cg_hw1\cg_hw1\main.cpp(799): warning C4244: '=': 將 'int' 轉換為 'GLfloat'，由於類型不同，可能導致資料遺失
c:\users\joe04_jmmq64o\documents\github\computer_graphic\cg_hw1\103011227_hw_1\cg_hw1\cg_hw1\main.cpp(840): warning C4018: '<': signed/unsigned 不相符
c:\users\joe04_jmmq64o\documents\github\computer_graphic\cg_hw1\103011227_hw_1\cg_hw1\cg_hw1\main.cpp(889): warning C4018: '<': signed/unsigned 不相符
  textfile.cpp
  正在產生程式碼
  1 of 293 functions ( 0.3%) were compiled, the rest were copied from previous compilation.
    0 functions were new in current compilation
    1 functions had inline decision re-evaluated but remain unchanged
  已完成程式碼產生
  CG_HW1.vcxproj -> C:\Users\joe04_jmmq64o\Documents\GitHub\Computer_Graphic\CG_HW1\103011227_HW_1\CG_HW1\Release\CG_HW1.exe
