  main.cpp
main.cpp(228): warning C4244: '引數': 將 'double' 轉換為 'float'，由於類型不同，可能導致資料遺失
main.cpp(249): warning C4244: '引數': 將 'double' 轉換為 'float'，由於類型不同，可能導致資料遺失
main.cpp(338): warning C4305: '=': 從 'double' 轉換為 'GLfloat'，是由較大的類型轉換為較小的類型，可能導致資料遺失
main.cpp(339): warning C4305: '=': 從 'double' 轉換為 'GLfloat'，是由較大的類型轉換為較小的類型，可能導致資料遺失
main.cpp(341): warning C4018: '<': signed/unsigned 不相符
main.cpp(366): warning C4018: '<': signed/unsigned 不相符
main.cpp(368): warning C4244: '=': 將 'double' 轉換為 'GLfloat'，由於類型不同，可能導致資料遺失
main.cpp(369): warning C4244: '=': 將 'double' 轉換為 'GLfloat'，由於類型不同，可能導致資料遺失
main.cpp(370): warning C4244: '=': 將 'double' 轉換為 'GLfloat'，由於類型不同，可能導致資料遺失
main.cpp(469): warning C4838: 從 'double' 到 'GLfloat' 的轉換必須是縮小轉換
main.cpp(469): warning C4305: '正在初始化': 從 'double' 轉換為 'GLfloat'，是由較大的類型轉換為較小的類型，可能導致資料遺失
main.cpp(588): warning C4305: '-=': 從 'double' 轉換為 'float'，是由較大的類型轉換為較小的類型，可能導致資料遺失
main.cpp(594): warning C4305: '+=': 從 'double' 轉換為 'float'，是由較大的類型轉換為較小的類型，可能導致資料遺失
main.cpp(600): warning C4305: '+=': 從 'double' 轉換為 'float'，是由較大的類型轉換為較小的類型，可能導致資料遺失
main.cpp(606): warning C4305: '+=': 從 'double' 轉換為 'float'，是由較大的類型轉換為較小的類型，可能導致資料遺失
main.cpp(610): warning C4305: '+=': 從 'double' 轉換為 'float'，是由較大的類型轉換為較小的類型，可能導致資料遺失
main.cpp(614): warning C4305: '+=': 從 'double' 轉換為 'float'，是由較大的類型轉換為較小的類型，可能導致資料遺失
main.cpp(624): warning C4305: '+=': 從 'double' 轉換為 'float'，是由較大的類型轉換為較小的類型，可能導致資料遺失
main.cpp(630): warning C4305: '-=': 從 'double' 轉換為 'float'，是由較大的類型轉換為較小的類型，可能導致資料遺失
main.cpp(636): warning C4305: '-=': 從 'double' 轉換為 'float'，是由較大的類型轉換為較小的類型，可能導致資料遺失
main.cpp(642): warning C4305: '-=': 從 'double' 轉換為 'float'，是由較大的類型轉換為較小的類型，可能導致資料遺失
main.cpp(646): warning C4305: '-=': 從 'double' 轉換為 'float'，是由較大的類型轉換為較小的類型，可能導致資料遺失
main.cpp(650): warning C4305: '-=': 從 'double' 轉換為 'float'，是由較大的類型轉換為較小的類型，可能導致資料遺失
main.cpp(679): warning C4244: '+=': 將 'double' 轉換為 'float'，由於類型不同，可能導致資料遺失
main.cpp(680): warning C4244: '+=': 將 'double' 轉換為 'float'，由於類型不同，可能導致資料遺失
main.cpp(686): warning C4244: '+=': 將 'double' 轉換為 'float'，由於類型不同，可能導致資料遺失
main.cpp(687): warning C4244: '+=': 將 'double' 轉換為 'float'，由於類型不同，可能導致資料遺失
main.cpp(693): warning C4244: '+=': 將 'double' 轉換為 'float'，由於類型不同，可能導致資料遺失
main.cpp(694): warning C4244: '+=': 將 'double' 轉換為 'float'，由於類型不同，可能導致資料遺失
main.cpp(700): warning C4244: '+=': 將 'double' 轉換為 'float'，由於類型不同，可能導致資料遺失
main.cpp(701): warning C4244: '-=': 將 'double' 轉換為 'float'，由於類型不同，可能導致資料遺失
main.cpp(705): warning C4244: '+=': 將 'double' 轉換為 'float'，由於類型不同，可能導致資料遺失
main.cpp(706): warning C4244: '+=': 將 'double' 轉換為 'float'，由於類型不同，可能導致資料遺失
main.cpp(710): warning C4244: '+=': 將 'double' 轉換為 'float'，由於類型不同，可能導致資料遺失
main.cpp(711): warning C4244: '+=': 將 'double' 轉換為 'float'，由於類型不同，可能導致資料遺失
main.cpp(831): warning C4244: '=': 將 'int' 轉換為 'GLfloat'，由於類型不同，可能導致資料遺失
main.cpp(872): warning C4018: '<': signed/unsigned 不相符
main.cpp(921): warning C4018: '<': signed/unsigned 不相符
  正在產生程式碼
  4 of 289 functions ( 1.4%) were compiled, the rest were copied from previous compilation.
    0 functions were new in current compilation
    11 functions had inline decision re-evaluated but remain unchanged
  已完成程式碼產生
  CG_HW1.vcxproj -> C:\Users\joechou\Documents\GitHub\Computer_Graphic\CG_HW1\StudentID_HW_x\CG_HW1\Release\CG_HW1.exe
